Build started 6-9-2010 16:34:12.
     1>Project "C:\Users\Armon\Documents\BWSAL_0.9.8\BasicAIModule\BasicAIModule\BasicAIModule.vcxproj" on node 2 (build target(s)).
     1>InitializeBuildStatus:
         Creating "Release\BasicAIModule.unsuccessfulbuild" because "AlwaysCreate" was specified.
       ClCompile:
         C:\Program Files (x86)\Microsoft Visual Studio 9.0\VC\bin\CL.exe /c /I../../include /Zi /nologo /W3 /WX- /O2 /Oi /Oy- /GL /D _WINDLL /D _MBCS /Gm- /EHsc /MD /GS /Gy /fp:precise /Zc:wchar_t /Zc:forScope /Fo"Release\\" /Fd"Release\vc90.pdb" /Gd /TP /analyze- /errorReport:prompt HighCommand.cpp
         HighCommand.cpp
     1>HighCommand.cpp(53): warning C4996: 'localtime': This function or variable may be unsafe. Consider using localtime_s instead. To disable deprecation, use _CRT_SECURE_NO_WARNINGS. See online help for details.
                 C:\Program Files (x86)\Microsoft Visual Studio 9.0\VC\include\time.inl(114) : see declaration of 'localtime'
     1>HighCommand.cpp(55): warning C4996: 'asctime': This function or variable may be unsafe. Consider using asctime_s instead. To disable deprecation, use _CRT_SECURE_NO_WARNINGS. See online help for details.
                 C:\Program Files (x86)\Microsoft Visual Studio 9.0\VC\include\time.h(164) : see declaration of 'asctime'
       Link:
         C:\Program Files (x86)\Microsoft Visual Studio 9.0\VC\bin\link.exe /ERRORREPORT:PROMPT /OUT:"C:\Users\Armon\Documents\BWSAL_0.9.8\BasicAIModule\Release\BasicAIModule.dll" /NOLOGO ../../lib/BWAPI.lib ../../lib/BWTA.lib "../../lib/CGAL-vc90-mt.lib" "../../lib/gmp-vc90-mt.lib" "../../lib/libboost_thread-vc90-mt-1_40.lib" "../../lib/mpfr-vc90-mt.lib" kernel32.lib user32.lib gdi32.lib winspool.lib comdlg32.lib advapi32.lib shell32.lib ole32.lib oleaut32.lib uuid.lib odbc32.lib odbccp32.lib /MANIFEST /ManifestFile:"Release\BasicAIModule.dll.intermediate.manifest" /MANIFESTUAC:"level='asInvoker' uiAccess='false'" /OPT:REF /OPT:ICF /LTCG /TLBID:1 /DYNAMICBASE /NXCOMPAT /IMPLIB:"C:\Users\Armon\Documents\BWSAL_0.9.8\BasicAIModule\Release\BasicAIModule.lib" /MACHINE:X86 /DLL Release\Assignment.obj
         Release\BasicAIModule.obj
         Release\BuildItem.obj
         Release\BuildList.obj
         Release\Dll.obj
         Release\EigenAssignment.obj
         Release\EigenUnitData.obj
         Release\EigenUnitDataManager.obj
         Release\EigenUnitGroupManager.obj
         Release\EnemyUnitData.obj
         Release\EnemyUnitDataManager.obj
         Release\EnhancedUI.obj
         Release\HighCommand.obj
         Release\MicroManager.obj
         Release\PlanManager.obj
         Release\Task.obj
         Release\TaskManager.obj
         Release\Util.obj
         Release\WantBuildManager.obj
         Release\WorkerManager.obj
         Release\BuildingPlacer.obj
         Release\SupplyManager.obj
         Release\ConstructionManager.obj
         Release\Base.obj
         Release\BaseManager.obj
         Release\ProductionManager.obj
         Release\MorphManager.obj
         Release\BuildManager.obj
         Release\TechManager.obj
         Release\UpgradeManager.obj
         Release\ScoutManager.obj
         Release\BuildOrderManager.obj
         Release\MetaUnit.obj
         Release\UnitItem.obj
         Release\DefenseManager.obj
         Release\InformationManager.obj
         Release\UnitGroup.obj
         Release\UnitGroupManager.obj
         Release\BorderManager.obj
            Creating library C:\Users\Armon\Documents\BWSAL_0.9.8\BasicAIModule\Release\BasicAIModule.lib and object C:\Users\Armon\Documents\BWSAL_0.9.8\BasicAIModule\Release\BasicAIModule.exp
         Generating code
         Finished generating code
         BasicAIModule.vcxproj -> C:\Users\Armon\Documents\BWSAL_0.9.8\BasicAIModule\Release\BasicAIModule.dll
       Manifest:
         C:\Program Files\Microsoft SDKs\Windows\v6.0A\bin\mt.exe /nologo /verbose /outputresource:"C:\Users\Armon\Documents\BWSAL_0.9.8\BasicAIModule\Release\BasicAIModule.dll;#2" /manifest Release\BasicAIModule.dll.intermediate.manifest
       FinalizeBuildStatus:
         Deleting file "Release\BasicAIModule.unsuccessfulbuild".
         Touching "Release\BasicAIModule.lastbuildstate".
     1>Done Building Project "C:\Users\Armon\Documents\BWSAL_0.9.8\BasicAIModule\BasicAIModule\BasicAIModule.vcxproj" (build target(s)).

Build succeeded.

Time Elapsed 00:00:18.58
